<?xml version="1.0" encoding="UTF-8"?>
<Site BuildName="(empty)"
	BuildStamp="20241209-0950-Experimental"
	Name="(empty)"
	Generator="ctest-3.31.1"
	CompilerName=""
	CompilerVersion=""
	OSName="Windows"
	Hostname="Mamoba"
	OSRelease=" Personal"
	OSVersion=" (Build 22631)"
	OSPlatform="AMD64"
	Is64Bits="1"
	VendorString="GenuineIntel"
	VendorID="Intel Corporation"
	FamilyID="6"
	ModelID="10"
	ModelName=""
	ProcessorCacheSize="-1"
	NumberOfLogicalCPU="22"
	NumberOfPhysicalCPU="16"
	TotalVirtualMemory="34173"
	TotalPhysicalMemory="32125"
	LogicalProcessorsPerPhysical="1"
	ProcessorClockFrequency="3072"
	>
	<Testing>
		<StartDateTime>Dec 09 20:00 Korea Standard Time</StartDateTime>
		<StartTestTime>1733742049</StartTestTime>
		<TestList/>
		<EndDateTime>Dec 09 20:00 Korea Standard Time</EndDateTime>
		<EndTestTime>1733742049</EndTestTime>
		<ElapsedMinutes>0</ElapsedMinutes>
	</Testing>
</Site>
